[WARNING] 
[WARNING] Some problems were encountered while building the effective settings
[WARNING] Unrecognised tag: 'distributionManagement' (position: START_TAG seen ...</repositories>\r\n\t\t\t<distributionManagement>... @268:28)  @ /Users/lupeipei/middleware/apache-maven-3.9.6/conf/settings.xml, line 268, column 28
[WARNING] 
[INFO] Scanning for projects...
[WARNING] 
[WARNING] Some problems were encountered while building the effective model for com.isep:FFA:jar:0.0.1-SNAPSHOT
[WARNING] 'dependencies.dependency.(groupId:artifactId:type:classifier)' must be unique: io.jsonwebtoken:jjwt-api:jar -> duplicate declaration of version 0.11.5 @ line 125, column 15
[WARNING] 'dependencies.dependency.(groupId:artifactId:type:classifier)' must be unique: io.jsonwebtoken:jjwt-impl:jar -> duplicate declaration of version 0.11.5 @ line 130, column 15
[WARNING] 'dependencies.dependency.(groupId:artifactId:type:classifier)' must be unique: io.jsonwebtoken:jjwt-jackson:jar -> duplicate declaration of version 0.11.5 @ line 136, column 15
[WARNING] 'dependencies.dependency.(groupId:artifactId:type:classifier)' must be unique: org.springframework.security:spring-security-test:jar -> duplicate declaration of version (?) @ line 172, column 15
[WARNING] 
[WARNING] It is highly recommended to fix these problems because they threaten the stability of your build.
[WARNING] 
[WARNING] For this reason, future Maven versions might no longer support building such malformed projects.
[WARNING] 
[INFO] 
[INFO] ----------------------------< com.isep:FFA >----------------------------
[INFO] Building FFA 0.0.1-SNAPSHOT
[INFO]   from pom.xml
[INFO] --------------------------------[ jar ]---------------------------------
[INFO] 
[INFO] >>> spring-boot:3.2.0:run (default-cli) > test-compile @ FFA >>>
[INFO] 
[INFO] --- resources:3.3.1:resources (default-resources) @ FFA ---
[INFO] Copying 1 resource from src/main/resources to target/classes
[INFO] Copying 7 resources from src/main/resources to target/classes
[INFO] 
[INFO] --- compiler:3.8.1:compile (default-compile) @ FFA ---
[INFO] Nothing to compile - all classes are up to date
[INFO] 
[INFO] --- resources:3.3.1:testResources (default-testResources) @ FFA ---
[INFO] skip non existing resourceDirectory /Users/lupeipei/IdeaProjects/FFA/src/test/resources
[INFO] 
[INFO] --- compiler:3.8.1:testCompile (default-testCompile) @ FFA ---
[INFO] Nothing to compile - all classes are up to date
[INFO] 
[INFO] <<< spring-boot:3.2.0:run (default-cli) < test-compile @ FFA <<<
[INFO] 
[INFO] 
[INFO] --- spring-boot:3.2.0:run (default-cli) @ FFA ---
[INFO] Attaching agents: []

  .   ____          _            __ _ _
 /\\ / ___'_ __ _ _(_)_ __  __ _ \ \ \ \
( ( )\___ | '_ | '_| | '_ \/ _` | \ \ \ \
 \\/  ___)| |_)| | | | | || (_| |  ) ) ) )
  '  |____| .__|_| |_|_| |_\__, | / / / /
 =========|_|==============|___/=/_/_/_/
 :: Spring Boot ::                (v3.2.0)

2025-10-23T23:50:37.139+08:00  INFO 91580 --- [FFA] [  restartedMain] com.isep.ffa.FfaApplication              : Starting FfaApplication using Java 17.0.12 with PID 91580 (/Users/lupeipei/IdeaProjects/FFA/target/classes started by lupeipei in /Users/lupeipei/IdeaProjects/FFA)
2025-10-23T23:50:37.140+08:00 DEBUG 91580 --- [FFA] [  restartedMain] com.isep.ffa.FfaApplication              : Running with Spring Boot v3.2.0, Spring v6.1.1
2025-10-23T23:50:37.140+08:00  INFO 91580 --- [FFA] [  restartedMain] com.isep.ffa.FfaApplication              : The following 1 profile is active: "dev"
2025-10-23T23:50:37.160+08:00  INFO 91580 --- [FFA] [  restartedMain] .e.DevToolsPropertyDefaultsPostProcessor : Devtools property defaults active! Set 'spring.devtools.add-properties' to 'false' to disable
2025-10-23T23:50:37.160+08:00  INFO 91580 --- [FFA] [  restartedMain] .e.DevToolsPropertyDefaultsPostProcessor : For additional web related logging consider setting the 'logging.level.web' property to 'DEBUG'
2025-10-23T23:50:37.384+08:00  INFO 91580 --- [FFA] [  restartedMain] .s.d.r.c.RepositoryConfigurationDelegate : Bootstrapping Spring Data JPA repositories in DEFAULT mode.
2025-10-23T23:50:37.391+08:00  INFO 91580 --- [FFA] [  restartedMain] .s.d.r.c.RepositoryConfigurationDelegate : Finished Spring Data repository scanning in 1 ms. Found 0 JPA repository interfaces.
2025-10-23T23:50:37.713+08:00  INFO 91580 --- [FFA] [  restartedMain] o.s.b.w.embedded.tomcat.TomcatWebServer  : Tomcat initialized with port 8080 (http)
2025-10-23T23:50:37.717+08:00  INFO 91580 --- [FFA] [  restartedMain] o.apache.catalina.core.StandardService   : Starting service [Tomcat]
2025-10-23T23:50:37.717+08:00  INFO 91580 --- [FFA] [  restartedMain] o.apache.catalina.core.StandardEngine    : Starting Servlet engine: [Apache Tomcat/10.1.16]
2025-10-23T23:50:37.733+08:00  INFO 91580 --- [FFA] [  restartedMain] o.a.c.c.C.[.[localhost].[/ffaAPI]        : Initializing Spring embedded WebApplicationContext
2025-10-23T23:50:37.734+08:00  INFO 91580 --- [FFA] [  restartedMain] w.s.c.ServletWebServerApplicationContext : Root WebApplicationContext: initialization completed in 573 ms
2025-10-23T23:50:37.773+08:00  INFO 91580 --- [FFA] [  restartedMain] com.zaxxer.hikari.HikariDataSource       : HikariPool-1 - Starting...
2025-10-23T23:50:37.853+08:00  INFO 91580 --- [FFA] [  restartedMain] com.zaxxer.hikari.pool.HikariPool        : HikariPool-1 - Added connection org.postgresql.jdbc.PgConnection@18d45a7d
2025-10-23T23:50:37.853+08:00  INFO 91580 --- [FFA] [  restartedMain] com.zaxxer.hikari.HikariDataSource       : HikariPool-1 - Start completed.
2025-10-23T23:50:37.883+08:00  INFO 91580 --- [FFA] [  restartedMain] o.hibernate.jpa.internal.util.LogHelper  : HHH000204: Processing PersistenceUnitInfo [name: default]
2025-10-23T23:50:37.905+08:00  INFO 91580 --- [FFA] [  restartedMain] org.hibernate.Version                    : HHH000412: Hibernate ORM core version 6.3.1.Final
2025-10-23T23:50:37.921+08:00  INFO 91580 --- [FFA] [  restartedMain] o.h.c.internal.RegionFactoryInitiator    : HHH000026: Second-level cache disabled
2025-10-23T23:50:37.998+08:00  INFO 91580 --- [FFA] [  restartedMain] o.s.o.j.p.SpringPersistenceUnitInfo      : No LoadTimeWeaver setup: ignoring JPA class transformer
2025-10-23T23:50:38.018+08:00  WARN 91580 --- [FFA] [  restartedMain] org.hibernate.orm.deprecation            : HHH90000025: PostgreSQLDialect does not need to be specified explicitly using 'hibernate.dialect' (remove the property setting and it will be selected by default)
2025-10-23T23:50:38.128+08:00  INFO 91580 --- [FFA] [  restartedMain] o.h.e.t.j.p.i.JtaPlatformInitiator       : HHH000489: No JTA platform available (set 'hibernate.transaction.jta.platform' to enable JTA platform integration)
2025-10-23T23:50:38.130+08:00  INFO 91580 --- [FFA] [  restartedMain] j.LocalContainerEntityManagerFactoryBean : Initialized JPA EntityManagerFactory for persistence unit 'default'
Logging initialized using 'class org.apache.ibatis.logging.stdout.StdOutImpl' adapter.
Get /192.168.31.161 network interface 
Get network interface info: name:en0 (en0)
Initialization Sequence datacenterId:5 workerId:0
2025-10-23T23:50:38.324+08:00 DEBUG 91580 --- [FFA] [  restartedMain] swordEncoderAuthenticationManagerBuilder : No authenticationProviders and no parentAuthenticationManager defined. Returning null.
2025-10-23T23:50:38.415+08:00  INFO 91580 --- [FFA] [  restartedMain] o.s.s.web.DefaultSecurityFilterChain     : Will secure any request with [org.springframework.security.web.session.DisableEncodeUrlFilter@1387f5e2, org.springframework.security.web.context.request.async.WebAsyncManagerIntegrationFilter@4628fa05, org.springframework.security.web.context.SecurityContextHolderFilter@6181989d, org.springframework.security.web.header.HeaderWriterFilter@4b881247, org.springframework.web.filter.CorsFilter@79e94602, org.springframework.security.web.authentication.logout.LogoutFilter@39fbf5a3, org.springframework.security.web.savedrequest.RequestCacheAwareFilter@290d8e74, org.springframework.security.web.servletapi.SecurityContextHolderAwareRequestFilter@32fe6f87, org.springframework.security.web.authentication.AnonymousAuthenticationFilter@ff99897, org.springframework.security.web.session.SessionManagementFilter@3481ad01, org.springframework.security.web.access.ExceptionTranslationFilter@277e91cc, org.springframework.security.web.access.intercept.AuthorizationFilter@5ec16770]
2025-10-23T23:50:38.458+08:00  INFO 91580 --- [FFA] [  restartedMain] m.e.s.MybatisPlusApplicationContextAware : Register ApplicationContext instances org.springframework.boot.web.servlet.context.AnnotationConfigServletWebServerApplicationContext@395ade25
2025-10-23T23:50:38.496+08:00  INFO 91580 --- [FFA] [  restartedMain] o.s.b.d.a.OptionalLiveReloadServer       : LiveReload server is running on port 35729
2025-10-23T23:50:38.558+08:00  INFO 91580 --- [FFA] [  restartedMain] o.s.b.w.embedded.tomcat.TomcatWebServer  : Tomcat started on port 8080 (http) with context path '/ffaAPI'
2025-10-23T23:50:38.562+08:00  INFO 91580 --- [FFA] [  restartedMain] com.isep.ffa.FfaApplication              : Started FfaApplication in 1.574 seconds (process running for 1.728)
2025-10-23T23:50:50.224+08:00  INFO 91580 --- [FFA] [   File Watcher] rtingClassPathChangeChangedEventListener : Restarting due to 17 class path changes (0 additions, 0 deletions, 17 modifications)
2025-10-23T23:50:50.232+08:00  INFO 91580 --- [FFA] [       Thread-5] j.LocalContainerEntityManagerFactoryBean : Closing JPA EntityManagerFactory for persistence unit 'default'
2025-10-23T23:50:50.233+08:00  INFO 91580 --- [FFA] [       Thread-5] com.zaxxer.hikari.HikariDataSource       : HikariPool-1 - Shutdown initiated...
2025-10-23T23:50:50.234+08:00  INFO 91580 --- [FFA] [       Thread-5] com.zaxxer.hikari.HikariDataSource       : HikariPool-1 - Shutdown completed.

  .   ____          _            __ _ _
 /\\ / ___'_ __ _ _(_)_ __  __ _ \ \ \ \
( ( )\___ | '_ | '_| | '_ \/ _` | \ \ \ \
 \\/  ___)| |_)| | | | | || (_| |  ) ) ) )
  '  |____| .__|_| |_|_| |_\__, | / / / /
 =========|_|==============|___/=/_/_/_/
 :: Spring Boot ::                (v3.2.0)

2025-10-23T23:50:50.277+08:00  INFO 91580 --- [FFA] [  restartedMain] com.isep.ffa.FfaApplication              : Starting FfaApplication using Java 17.0.12 with PID 91580 (/Users/lupeipei/IdeaProjects/FFA/target/classes started by lupeipei in /Users/lupeipei/IdeaProjects/FFA)
2025-10-23T23:50:50.277+08:00 DEBUG 91580 --- [FFA] [  restartedMain] com.isep.ffa.FfaApplication              : Running with Spring Boot v3.2.0, Spring v6.1.1
2025-10-23T23:50:50.277+08:00  INFO 91580 --- [FFA] [  restartedMain] com.isep.ffa.FfaApplication              : The following 1 profile is active: "dev"
2025-10-23T23:50:50.342+08:00  INFO 91580 --- [FFA] [  restartedMain] .s.d.r.c.RepositoryConfigurationDelegate : Bootstrapping Spring Data JPA repositories in DEFAULT mode.
2025-10-23T23:50:50.342+08:00  INFO 91580 --- [FFA] [  restartedMain] .s.d.r.c.RepositoryConfigurationDelegate : Finished Spring Data repository scanning in 0 ms. Found 0 JPA repository interfaces.
2025-10-23T23:50:50.425+08:00  INFO 91580 --- [FFA] [  restartedMain] o.s.b.w.embedded.tomcat.TomcatWebServer  : Tomcat initialized with port 8080 (http)
2025-10-23T23:50:50.425+08:00  INFO 91580 --- [FFA] [  restartedMain] o.apache.catalina.core.StandardService   : Starting service [Tomcat]
2025-10-23T23:50:50.425+08:00  INFO 91580 --- [FFA] [  restartedMain] o.apache.catalina.core.StandardEngine    : Starting Servlet engine: [Apache Tomcat/10.1.16]
2025-10-23T23:50:50.430+08:00  INFO 91580 --- [FFA] [  restartedMain] o.a.c.c.C.[.[localhost].[/ffaAPI]        : Initializing Spring embedded WebApplicationContext
2025-10-23T23:50:50.430+08:00  INFO 91580 --- [FFA] [  restartedMain] w.s.c.ServletWebServerApplicationContext : Root WebApplicationContext: initialization completed in 153 ms
2025-10-23T23:50:50.442+08:00  INFO 91580 --- [FFA] [  restartedMain] com.zaxxer.hikari.HikariDataSource       : HikariPool-2 - Starting...
2025-10-23T23:50:50.457+08:00  INFO 91580 --- [FFA] [  restartedMain] com.zaxxer.hikari.pool.HikariPool        : HikariPool-2 - Added connection org.postgresql.jdbc.PgConnection@3931477
2025-10-23T23:50:50.457+08:00  INFO 91580 --- [FFA] [  restartedMain] com.zaxxer.hikari.HikariDataSource       : HikariPool-2 - Start completed.
2025-10-23T23:50:50.464+08:00  INFO 91580 --- [FFA] [  restartedMain] o.hibernate.jpa.internal.util.LogHelper  : HHH000204: Processing PersistenceUnitInfo [name: default]
2025-10-23T23:50:50.465+08:00  INFO 91580 --- [FFA] [  restartedMain] o.h.c.internal.RegionFactoryInitiator    : HHH000026: Second-level cache disabled
2025-10-23T23:50:50.467+08:00  INFO 91580 --- [FFA] [  restartedMain] o.s.o.j.p.SpringPersistenceUnitInfo      : No LoadTimeWeaver setup: ignoring JPA class transformer
2025-10-23T23:50:50.469+08:00  WARN 91580 --- [FFA] [  restartedMain] org.hibernate.orm.deprecation            : HHH90000025: PostgreSQLDialect does not need to be specified explicitly using 'hibernate.dialect' (remove the property setting and it will be selected by default)
2025-10-23T23:50:50.474+08:00  INFO 91580 --- [FFA] [  restartedMain] o.h.e.t.j.p.i.JtaPlatformInitiator       : HHH000489: No JTA platform available (set 'hibernate.transaction.jta.platform' to enable JTA platform integration)
2025-10-23T23:50:50.474+08:00  INFO 91580 --- [FFA] [  restartedMain] j.LocalContainerEntityManagerFactoryBean : Initialized JPA EntityManagerFactory for persistence unit 'default'
Logging initialized using 'class org.apache.ibatis.logging.stdout.StdOutImpl' adapter.
Get /192.168.31.161 network interface 
Get network interface info: name:en0 (en0)
Initialization Sequence datacenterId:5 workerId:0
2025-10-23T23:50:50.548+08:00 DEBUG 91580 --- [FFA] [  restartedMain] swordEncoderAuthenticationManagerBuilder : No authenticationProviders and no parentAuthenticationManager defined. Returning null.
2025-10-23T23:50:50.581+08:00  INFO 91580 --- [FFA] [  restartedMain] o.s.s.web.DefaultSecurityFilterChain     : Will secure any request with [org.springframework.security.web.session.DisableEncodeUrlFilter@623bf25c, org.springframework.security.web.context.request.async.WebAsyncManagerIntegrationFilter@51f10b4c, org.springframework.security.web.context.SecurityContextHolderFilter@696c9662, org.springframework.security.web.header.HeaderWriterFilter@313301fc, org.springframework.web.filter.CorsFilter@7f2f4193, org.springframework.security.web.authentication.logout.LogoutFilter@49df54db, org.springframework.security.web.savedrequest.RequestCacheAwareFilter@122892eb, org.springframework.security.web.servletapi.SecurityContextHolderAwareRequestFilter@3b3d4db3, org.springframework.security.web.authentication.AnonymousAuthenticationFilter@c992d91, org.springframework.security.web.session.SessionManagementFilter@1d4c406a, org.springframework.security.web.access.ExceptionTranslationFilter@60fb602, org.springframework.security.web.access.intercept.AuthorizationFilter@4eb7ae41]
2025-10-23T23:50:50.597+08:00  INFO 91580 --- [FFA] [  restartedMain] m.e.s.MybatisPlusApplicationContextAware : Register ApplicationContext instances org.springframework.boot.web.servlet.context.AnnotationConfigServletWebServerApplicationContext@6d6060ae
2025-10-23T23:50:50.614+08:00  INFO 91580 --- [FFA] [  restartedMain] o.s.b.d.a.OptionalLiveReloadServer       : LiveReload server is running on port 35729
2025-10-23T23:50:50.659+08:00  INFO 91580 --- [FFA] [  restartedMain] o.s.b.w.embedded.tomcat.TomcatWebServer  : Tomcat started on port 8080 (http) with context path '/ffaAPI'
2025-10-23T23:50:50.661+08:00  INFO 91580 --- [FFA] [  restartedMain] com.isep.ffa.FfaApplication              : Started FfaApplication in 0.396 seconds (process running for 13.827)
2025-10-23T23:50:50.663+08:00  INFO 91580 --- [FFA] [  restartedMain] .ConditionEvaluationDeltaLoggingListener : Condition evaluation unchanged
2025-10-23T23:50:53.038+08:00  INFO 91580 --- [FFA] [   File Watcher] rtingClassPathChangeChangedEventListener : Restarting due to 1 class path change (0 additions, 0 deletions, 1 modification)
2025-10-23T23:50:53.044+08:00  INFO 91580 --- [FFA] [       Thread-7] j.LocalContainerEntityManagerFactoryBean : Closing JPA EntityManagerFactory for persistence unit 'default'
2025-10-23T23:50:53.045+08:00  INFO 91580 --- [FFA] [       Thread-7] com.zaxxer.hikari.HikariDataSource       : HikariPool-2 - Shutdown initiated...
2025-10-23T23:50:53.046+08:00  INFO 91580 --- [FFA] [       Thread-7] com.zaxxer.hikari.HikariDataSource       : HikariPool-2 - Shutdown completed.

  .   ____          _            __ _ _
 /\\ / ___'_ __ _ _(_)_ __  __ _ \ \ \ \
( ( )\___ | '_ | '_| | '_ \/ _` | \ \ \ \
 \\/  ___)| |_)| | | | | || (_| |  ) ) ) )
  '  |____| .__|_| |_|_| |_\__, | / / / /
 =========|_|==============|___/=/_/_/_/
 :: Spring Boot ::                (v3.2.0)

2025-10-23T23:50:53.109+08:00  INFO 91580 --- [FFA] [  restartedMain] com.isep.ffa.FfaApplication              : Starting FfaApplication using Java 17.0.12 with PID 91580 (/Users/lupeipei/IdeaProjects/FFA/target/classes started by lupeipei in /Users/lupeipei/IdeaProjects/FFA)
2025-10-23T23:50:53.109+08:00 DEBUG 91580 --- [FFA] [  restartedMain] com.isep.ffa.FfaApplication              : Running with Spring Boot v3.2.0, Spring v6.1.1
2025-10-23T23:50:53.109+08:00  INFO 91580 --- [FFA] [  restartedMain] com.isep.ffa.FfaApplication              : The following 1 profile is active: "dev"
2025-10-23T23:50:53.178+08:00  INFO 91580 --- [FFA] [  restartedMain] .s.d.r.c.RepositoryConfigurationDelegate : Bootstrapping Spring Data JPA repositories in DEFAULT mode.
2025-10-23T23:50:53.178+08:00  INFO 91580 --- [FFA] [  restartedMain] .s.d.r.c.RepositoryConfigurationDelegate : Finished Spring Data repository scanning in 0 ms. Found 0 JPA repository interfaces.
2025-10-23T23:50:53.253+08:00  INFO 91580 --- [FFA] [  restartedMain] o.s.b.w.embedded.tomcat.TomcatWebServer  : Tomcat initialized with port 8080 (http)
2025-10-23T23:50:53.253+08:00  INFO 91580 --- [FFA] [  restartedMain] o.apache.catalina.core.StandardService   : Starting service [Tomcat]
2025-10-23T23:50:53.253+08:00  INFO 91580 --- [FFA] [  restartedMain] o.apache.catalina.core.StandardEngine    : Starting Servlet engine: [Apache Tomcat/10.1.16]
2025-10-23T23:50:53.257+08:00  INFO 91580 --- [FFA] [  restartedMain] o.a.c.c.C.[.[localhost].[/ffaAPI]        : Initializing Spring embedded WebApplicationContext
2025-10-23T23:50:53.257+08:00  INFO 91580 --- [FFA] [  restartedMain] w.s.c.ServletWebServerApplicationContext : Root WebApplicationContext: initialization completed in 147 ms
2025-10-23T23:50:53.267+08:00  INFO 91580 --- [FFA] [  restartedMain] com.zaxxer.hikari.HikariDataSource       : HikariPool-3 - Starting...
2025-10-23T23:50:53.286+08:00  INFO 91580 --- [FFA] [  restartedMain] com.zaxxer.hikari.pool.HikariPool        : HikariPool-3 - Added connection org.postgresql.jdbc.PgConnection@19ecbcde
2025-10-23T23:50:53.286+08:00  INFO 91580 --- [FFA] [  restartedMain] com.zaxxer.hikari.HikariDataSource       : HikariPool-3 - Start completed.
2025-10-23T23:50:53.292+08:00  INFO 91580 --- [FFA] [  restartedMain] o.hibernate.jpa.internal.util.LogHelper  : HHH000204: Processing PersistenceUnitInfo [name: default]
2025-10-23T23:50:53.293+08:00  INFO 91580 --- [FFA] [  restartedMain] o.h.c.internal.RegionFactoryInitiator    : HHH000026: Second-level cache disabled
2025-10-23T23:50:53.294+08:00  INFO 91580 --- [FFA] [  restartedMain] o.s.o.j.p.SpringPersistenceUnitInfo      : No LoadTimeWeaver setup: ignoring JPA class transformer
2025-10-23T23:50:53.298+08:00  WARN 91580 --- [FFA] [  restartedMain] org.hibernate.orm.deprecation            : HHH90000025: PostgreSQLDialect does not need to be specified explicitly using 'hibernate.dialect' (remove the property setting and it will be selected by default)
2025-10-23T23:50:53.302+08:00  INFO 91580 --- [FFA] [  restartedMain] o.h.e.t.j.p.i.JtaPlatformInitiator       : HHH000489: No JTA platform available (set 'hibernate.transaction.jta.platform' to enable JTA platform integration)
2025-10-23T23:50:53.302+08:00  INFO 91580 --- [FFA] [  restartedMain] j.LocalContainerEntityManagerFactoryBean : Initialized JPA EntityManagerFactory for persistence unit 'default'
Logging initialized using 'class org.apache.ibatis.logging.stdout.StdOutImpl' adapter.
Get /192.168.31.161 network interface 
Get network interface info: name:en0 (en0)
Initialization Sequence datacenterId:5 workerId:0
2025-10-23T23:50:53.364+08:00 DEBUG 91580 --- [FFA] [  restartedMain] swordEncoderAuthenticationManagerBuilder : No authenticationProviders and no parentAuthenticationManager defined. Returning null.
2025-10-23T23:50:53.391+08:00  INFO 91580 --- [FFA] [  restartedMain] o.s.s.web.DefaultSecurityFilterChain     : Will secure any request with [org.springframework.security.web.session.DisableEncodeUrlFilter@c94e3bd, org.springframework.security.web.context.request.async.WebAsyncManagerIntegrationFilter@5b905ec5, org.springframework.security.web.context.SecurityContextHolderFilter@65062343, org.springframework.security.web.header.HeaderWriterFilter@4f91a0e2, org.springframework.web.filter.CorsFilter@9f19682, org.springframework.security.web.authentication.logout.LogoutFilter@2def4785, org.springframework.security.web.savedrequest.RequestCacheAwareFilter@65661538, org.springframework.security.web.servletapi.SecurityContextHolderAwareRequestFilter@27b23fc6, org.springframework.security.web.authentication.AnonymousAuthenticationFilter@3fe82c2a, org.springframework.security.web.session.SessionManagementFilter@5fb02f76, org.springframework.security.web.access.ExceptionTranslationFilter@2f04211, org.springframework.security.web.access.intercept.AuthorizationFilter@4e8f1412]
2025-10-23T23:50:53.402+08:00  INFO 91580 --- [FFA] [  restartedMain] m.e.s.MybatisPlusApplicationContextAware : Register ApplicationContext instances org.springframework.boot.web.servlet.context.AnnotationConfigServletWebServerApplicationContext@58ed9d82
2025-10-23T23:50:53.416+08:00  INFO 91580 --- [FFA] [  restartedMain] o.s.b.d.a.OptionalLiveReloadServer       : LiveReload server is running on port 35729
2025-10-23T23:50:53.451+08:00  INFO 91580 --- [FFA] [  restartedMain] o.s.b.w.embedded.tomcat.TomcatWebServer  : Tomcat started on port 8080 (http) with context path '/ffaAPI'
2025-10-23T23:50:53.453+08:00  INFO 91580 --- [FFA] [  restartedMain] com.isep.ffa.FfaApplication              : Started FfaApplication in 0.361 seconds (process running for 16.619)
2025-10-23T23:50:53.454+08:00  INFO 91580 --- [FFA] [  restartedMain] .ConditionEvaluationDeltaLoggingListener : Condition evaluation unchanged
[INFO] ------------------------------------------------------------------------
[INFO] BUILD FAILURE
[INFO] ------------------------------------------------------------------------
[INFO] Total time:  28.454 s
[INFO] Finished at: 2025-10-23T23:51:04+08:00
[INFO] ------------------------------------------------------------------------
[ERROR] Failed to execute goal org.springframework.boot:spring-boot-maven-plugin:3.2.0:run (default-cli) on project FFA: Process terminated with exit code: 137 -> [Help 1]
[ERROR] 
[ERROR] To see the full stack trace of the errors, re-run Maven with the -e switch.
[ERROR] Re-run Maven using the -X switch to enable full debug logging.
[ERROR] 
[ERROR] For more information about the errors and possible solutions, please read the following articles:
[ERROR] [Help 1] http://cwiki.apache.org/confluence/display/MAVEN/MojoExecutionException
